
ROM used:   184/8192 (2%)
            184/8192 (2%) including unused fragments

            0.2 Average locations per line
            11.5 Average locations per statement

RAM used:   15/368 (4%) at main() level
            17/368 (5%) worst case

Stack used: 1 worst case (0 in main + 1 for interrupts)
Stack size: 8

Lines Stmts  %   Files
----- ----- ---  -----
   61    16 100  Slave_I2C_2.c
  796     0   0  ..\..\..\..\..\..\..\Program Files (x86)\PICC\Devices\16F887.h
----- -----
  857    16 Total

Page ROM  %  RAM    Vol Diff  Functions:
---- --- --- ---    --- ----  ----------
0     23  12    1             @delay_ms1
0     31  17    1     84  2.4  SSP_isr
0     81  44    0    212  3.2  MAIN
 Inline         0             @cinit1

Program metrics:
    Functions               2
    Statements              16
    Comments                164
    Volume (V)              359
    Difficulty (D)          5.3
    Effort to implement (E) 1909
    Time to implement (T)   2 minutes
    Est Delivered Bugs (B)  0
    Cyclomatic Complexity   2
    Maintainability (MI)    160

 Segment     Used  Free
-----------  ----  ----
00000-00003     4  0  
00004-00030    45  0  
00031-007FF   135  1864  
00800-00FFF     0  2048  
01000-017FF     0  2048  
01800-01FFF     0  2048  



