
ROM used:   201/8192 (2%)
            201/8192 (2%) including unused fragments

            0.2 Average locations per line
            8.4 Average locations per statement

RAM used:   17/368 (5%) at main() level
            19/368 (5%) worst case

Stack used: 1 worst case (0 in main + 1 for interrupts)
Stack size: 8

Lines Stmts  %   Files
----- ----- ---  -----
   73    24 100  Slave_I2C.c
  796     0   0  ..\..\..\..\..\..\..\Program Files (x86)\PICC\Devices\16F887.h
----- -----
  869    24 Total

Page ROM  %  RAM    Vol Diff  Functions:
---- --- --- ---    --- ----  ----------
0     21  10    1             @delay_ms1
0     31  15    1     84  2.4  SSP_isr
0    100  50    2    532  5.3  MAIN
 Inline         0             @cinit1

Program metrics:
    Functions               2
    Statements              24
    Comments                165
    Volume (V)              699
    Difficulty (D)          7.6
    Effort to implement (E) 5308
    Time to implement (T)   5 minutes
    Est Delivered Bugs (B)  0
    Cyclomatic Complexity   3
    Maintainability (MI)    150

 Segment     Used  Free
-----------  ----  ----
00000-00003     4  0  
00004-00030    45  0  
00031-007FF   152  1847  
00800-00FFF     0  2048  
01000-017FF     0  2048  
01800-01FFF     0  2048  



